<?xml version="1.0" encoding="UTF-8"?>
<!-- Generated by org.testng.reporters.JUnitXMLReporter -->
<testsuite hostname="5200000002" ignored="0" name="Surefire test" tests="4" failures="1" timestamp="2020-10-16T16:12:03 CEST" time="16.944" errors="0">
  <testcase name="CheckingBar" time="0.18" classname="academy_rahul.CheckingTextTest"/>
  <testcase name="CheckingText" time="0.062" classname="academy_rahul.CheckingTextTest">
    <failure type="java.lang.AssertionError" message="expected [FEATURED COURSES1] but found [FEATURED COURSES]">
      <![CDATA[java.lang.AssertionError: expected [FEATURED COURSES1] but found [FEATURED COURSES]
at academy_rahul.CheckingTextTest.CheckingText(CheckingTextTest.java:41)
at java.util.ArrayList.forEach(ArrayList.java:1257)
... Removed 37 stack frames]]>
    </failure>
  </testcase> <!-- CheckingText -->
  <testcase name="SignIn" time="2.432" classname="academy_rahul.CheckingTextTest"/>
  <testcase name="SignIn" time="0.392" classname="academy_rahul.CheckingTextTest"/>
</testsuite> <!-- Surefire test -->
