-------------------------------------------------------------------------------
Test set: academy_rahul.CheckingTextTest
-------------------------------------------------------------------------------
Tests run: 4, Failures: 1, Errors: 0, Skipped: 0, Time elapsed: 18.172 s <<< FAILURE! - in academy_rahul.CheckingTextTest
CheckingText(academy_rahul.CheckingTextTest)  Time elapsed: 0.071 s  <<< FAILURE!
java.lang.AssertionError: expected [FEATURED COURSES1] but found [FEATURED COURSES]
	at academy_rahul.CheckingTextTest.CheckingText(CheckingTextTest.java:41)

